<?xml version="1.0" encoding="utf-8"?><testsuites name="pytest tests"><testsuite name="pytest" errors="0" failures="0" skipped="0" tests="7" time="2.981" timestamp="2026-02-20T21:28:30.005589+00:00" hostname="agent-env-16876306-7d27-49b0-ab9d-8fa32a7fd90d"><testcase classname="tests.test_fondy_payments.TestFondyWebhook" name="test_fondy_webhook_health" time="0.186" /><testcase classname="tests.test_fondy_payments.TestFondyWebhook" name="test_fondy_webhook_requires_signature" time="0.117" /><testcase classname="tests.test_fondy_payments.TestFondyCheckout" name="test_auth_login_works" time="0.361" /><testcase classname="tests.test_fondy_payments.TestFondyCheckout" name="test_checkout_requires_auth" time="0.117" /><testcase classname="tests.test_fondy_payments.TestFondyCheckout" name="test_checkout_creates_payment" time="1.070" /><testcase classname="tests.test_fondy_payments.TestBackendHealthAndAuth" name="test_backend_accessible" time="0.234" /><testcase classname="tests.test_fondy_payments.TestBackendHealthAndAuth" name="test_admin_can_access_protected_routes" time="0.841" /></testsuite></testsuites>